build/app/intermediates/manifest_merge_blame_file/debug/manifest-merger-blame-debug-report.txt
1<?xml version="1.0" encoding="utf-8"?>
2<manifest xmlns:android="http://schemas.android.com/apk/res/android"
3    package="com.example.flutter_boilerplate"
4    android:versionCode="1"
5    android:versionName="0.0.1" >
6
7    <uses-sdk
8        android:minSdkVersion="21"
9        android:targetSdkVersion="33" />
10    <!--
11         The INTERNET permission is required for development. Specifically,
12         the Flutter tool needs it to communicate with the running application
13         to allow setting breakpoints, to provide hot reload, etc.
14    -->
15    <uses-permission android:name="android.permission.INTERNET" />
15-->src/debug/AndroidManifest.xml:6:5-66
15-->src/debug/AndroidManifest.xml:6:22-64
16    <uses-permission android:name="android.permission.QUERY_ALL_PACKAGES" />
16-->[:atomic_sdk_flutter] AndroidManifest.xml:9:5-77
16-->[:atomic_sdk_flutter] AndroidManifest.xml:9:22-74
17    <uses-permission android:name="android.permission.ACCESS_NETWORK_STATE" />
17-->[io.atomic.actioncards:aacsdk:1.1.11] AndroidManifest.xml:10:5-79
17-->[io.atomic.actioncards:aacsdk:1.1.11] AndroidManifest.xml:10:22-76
18
19    <application
20        android:name="android.app.Application"
21        android:appComponentFactory="androidx.core.app.CoreComponentFactory"
21-->[androidx.core:core:1.7.0] AndroidManifest.xml:24:18-86
22        android:debuggable="true"
23        android:icon="@mipmap/ic_launcher"
24        android:label="flutter_boilerplate"
25        android:networkSecurityConfig="@xml/network_security_config"
25-->[io.atomic.actioncards:aacsdk:1.1.11] AndroidManifest.xml:12:18-78
26        android:supportsRtl="true" >
27        <activity
28            android:name="com.example.flutter_boilerplate.MainActivity"
29            android:configChanges="orientation|keyboardHidden|keyboard|screenSize|smallestScreenSize|locale|layoutDirection|fontScale|screenLayout|density|uiMode"
30            android:exported="true"
31            android:hardwareAccelerated="true"
32            android:launchMode="singleTop"
33            android:theme="@style/LaunchTheme"
34            android:windowSoftInputMode="adjustResize" >
35
36            <!--
37                 Specifies an Android theme to apply to this Activity as soon as
38                 the Android process has started. This theme is visible to the user
39                 while the Flutter UI initializes. After that, this theme continues
40                 to determine the Window background behind the Flutter UI.
41            -->
42            <meta-data
43                android:name="io.flutter.embedding.android.NormalTheme"
44                android:resource="@style/NormalTheme" />
45
46            <intent-filter>
47                <action android:name="android.intent.action.MAIN" />
48
49                <category android:name="android.intent.category.LAUNCHER" />
50            </intent-filter>
51        </activity>
52        <!--
53             Don't delete the meta-data below.
54             This is used by the Flutter tool to generate GeneratedPluginRegistrant.java
55        -->
56        <meta-data
57            android:name="flutterEmbedding"
58            android:value="2" />
59
60        <activity
60-->[io.atomic.actioncards:aacsdk:1.1.11] AndroidManifest.xml:13:9-16:66
61            android:name="com.atomic.actioncards.feed.feature.videoplayer.VideoPlayerActivity"
61-->[io.atomic.actioncards:aacsdk:1.1.11] AndroidManifest.xml:14:13-95
62            android:exported="false"
62-->[io.atomic.actioncards:aacsdk:1.1.11] AndroidManifest.xml:15:13-37
63            android:theme="@style/Theme.AppCompat.NoActionBar" />
63-->[io.atomic.actioncards:aacsdk:1.1.11] AndroidManifest.xml:16:13-63
64        <activity
64-->[io.atomic.actioncards:aacsdk:1.1.11] AndroidManifest.xml:17:9-26:20
65            android:name="com.atomic.actioncards.feed.feature.overlay.ModalCardActionOverlay"
65-->[io.atomic.actioncards:aacsdk:1.1.11] AndroidManifest.xml:18:13-94
66            android:exported="false"
66-->[io.atomic.actioncards:aacsdk:1.1.11] AndroidManifest.xml:19:13-37
67            android:theme="@style/Theme.Transparent.Atomic" >
67-->[io.atomic.actioncards:aacsdk:1.1.11] AndroidManifest.xml:20:13-60
68            <intent-filter>
68-->[io.atomic.actioncards:aacsdk:1.1.11] AndroidManifest.xml:21:13-25:29
69                <action android:name="com.atomic.actioncards.SHOW_MODAL_CARD_ACTIONS" />
69-->[io.atomic.actioncards:aacsdk:1.1.11] AndroidManifest.xml:22:17-89
69-->[io.atomic.actioncards:aacsdk:1.1.11] AndroidManifest.xml:22:25-86
70
71                <category android:name="android.intent.category.DEFAULT" />
71-->[io.atomic.actioncards:aacsdk:1.1.11] AndroidManifest.xml:24:17-76
71-->[io.atomic.actioncards:aacsdk:1.1.11] AndroidManifest.xml:24:27-73
72            </intent-filter>
73        </activity>
74        <activity
74-->[io.atomic.actioncards:aacsdk:1.1.11] AndroidManifest.xml:27:9-36:20
75            android:name="com.atomic.actioncards.feed.feature.snooze.SnoozeActivity"
75-->[io.atomic.actioncards:aacsdk:1.1.11] AndroidManifest.xml:28:13-85
76            android:exported="false"
76-->[io.atomic.actioncards:aacsdk:1.1.11] AndroidManifest.xml:29:13-37
77            android:theme="@style/Theme.AppCompat.Light.NoActionBar" >
77-->[io.atomic.actioncards:aacsdk:1.1.11] AndroidManifest.xml:30:13-69
78            <intent-filter>
78-->[io.atomic.actioncards:aacsdk:1.1.11] AndroidManifest.xml:31:13-35:29
79                <action android:name="com.atomic.actioncards.SNOOZE_CARD" />
79-->[io.atomic.actioncards:aacsdk:1.1.11] AndroidManifest.xml:32:17-77
79-->[io.atomic.actioncards:aacsdk:1.1.11] AndroidManifest.xml:32:25-74
80
81                <category android:name="android.intent.category.DEFAULT" />
81-->[io.atomic.actioncards:aacsdk:1.1.11] AndroidManifest.xml:24:17-76
81-->[io.atomic.actioncards:aacsdk:1.1.11] AndroidManifest.xml:24:27-73
82            </intent-filter>
83        </activity>
84        <activity
84-->[io.atomic.actioncards:aacsdk:1.1.11] AndroidManifest.xml:37:9-40:72
85            android:name="com.atomic.actioncards.feed.feature.feedback.FeedbackActivity"
85-->[io.atomic.actioncards:aacsdk:1.1.11] AndroidManifest.xml:38:13-89
86            android:exported="false"
86-->[io.atomic.actioncards:aacsdk:1.1.11] AndroidManifest.xml:39:13-37
87            android:theme="@style/Theme.AppCompat.Light.NoActionBar" />
87-->[io.atomic.actioncards:aacsdk:1.1.11] AndroidManifest.xml:40:13-69
88        <activity
88-->[io.atomic.actioncards:aacsdk:1.1.11] AndroidManifest.xml:41:9-44:72
89            android:name="com.atomic.actioncards.feed.feature.media.MediaActivity"
89-->[io.atomic.actioncards:aacsdk:1.1.11] AndroidManifest.xml:42:13-83
90            android:exported="false"
90-->[io.atomic.actioncards:aacsdk:1.1.11] AndroidManifest.xml:43:13-37
91            android:theme="@style/Theme.AppCompat.Light.NoActionBar" />
91-->[io.atomic.actioncards:aacsdk:1.1.11] AndroidManifest.xml:44:13-69
92        <activity
92-->[io.atomic.actioncards:aacsdk:1.1.11] AndroidManifest.xml:45:9-48:72
93            android:name="com.atomic.actioncards.feed.feature.subview.CardSubviewActivity"
93-->[io.atomic.actioncards:aacsdk:1.1.11] AndroidManifest.xml:46:13-91
94            android:exported="false"
94-->[io.atomic.actioncards:aacsdk:1.1.11] AndroidManifest.xml:47:13-37
95            android:theme="@style/Theme.AppCompat.Light.NoActionBar" />
95-->[io.atomic.actioncards:aacsdk:1.1.11] AndroidManifest.xml:48:13-69
96
97        <receiver
97-->[io.atomic.actioncards:aacsdk:1.1.11] AndroidManifest.xml:50:9-52:40
98            android:name="com.atomic.actioncards.analytics.services.poll.AnalyticsPollReceiver"
98-->[io.atomic.actioncards:aacsdk:1.1.11] AndroidManifest.xml:51:13-96
99            android:exported="false" />
99-->[io.atomic.actioncards:aacsdk:1.1.11] AndroidManifest.xml:52:13-37
100
101        <service
101-->[io.atomic.actioncards:aacsdk:1.1.11] AndroidManifest.xml:54:9-57:40
102            android:name="io.atomic.twoway.AACSDKRemoveEventService"
102-->[io.atomic.actioncards:aacsdk:1.1.11] AndroidManifest.xml:55:13-69
103            android:enabled="true"
103-->[io.atomic.actioncards:aacsdk:1.1.11] AndroidManifest.xml:56:13-35
104            android:exported="false" />
104-->[io.atomic.actioncards:aacsdk:1.1.11] AndroidManifest.xml:57:13-37
105        <service
105-->[io.atomic.actioncards:aacsdk:1.1.11] AndroidManifest.xml:58:9-61:72
106            android:name="com.atomic.actioncards.analytics.services.poll.AnalyticsScheduledService"
106-->[io.atomic.actioncards:aacsdk:1.1.11] AndroidManifest.xml:59:13-100
107            android:exported="false"
107-->[io.atomic.actioncards:aacsdk:1.1.11] AndroidManifest.xml:60:13-37
108            android:permission="android.permission.BIND_JOB_SERVICE" />
108-->[io.atomic.actioncards:aacsdk:1.1.11] AndroidManifest.xml:61:13-69
109
110        <uses-library
110-->[androidx.window:window:1.0.0-beta04] AndroidManifest.xml:25:9-27:40
111            android:name="androidx.window.extensions"
111-->[androidx.window:window:1.0.0-beta04] AndroidManifest.xml:26:13-54
112            android:required="false" />
112-->[androidx.window:window:1.0.0-beta04] AndroidManifest.xml:27:13-37
113        <uses-library
113-->[androidx.window:window:1.0.0-beta04] AndroidManifest.xml:28:9-30:40
114            android:name="androidx.window.sidecar"
114-->[androidx.window:window:1.0.0-beta04] AndroidManifest.xml:29:13-51
115            android:required="false" />
115-->[androidx.window:window:1.0.0-beta04] AndroidManifest.xml:30:13-37
116
117        <provider
117-->[com.squareup.picasso:picasso:2.8] AndroidManifest.xml:8:9-11:40
118            android:name="com.squareup.picasso.PicassoProvider"
118-->[com.squareup.picasso:picasso:2.8] AndroidManifest.xml:9:13-64
119            android:authorities="com.example.flutter_boilerplate.com.squareup.picasso"
119-->[com.squareup.picasso:picasso:2.8] AndroidManifest.xml:10:13-72
120            android:exported="false" />
120-->[com.squareup.picasso:picasso:2.8] AndroidManifest.xml:11:13-37
121        <provider
121-->[androidx.emoji2:emoji2:1.0.0] AndroidManifest.xml:26:9-34:20
122            android:name="androidx.startup.InitializationProvider"
122-->[androidx.emoji2:emoji2:1.0.0] AndroidManifest.xml:27:13-67
123            android:authorities="com.example.flutter_boilerplate.androidx-startup"
123-->[androidx.emoji2:emoji2:1.0.0] AndroidManifest.xml:28:13-68
124            android:exported="false" >
124-->[androidx.emoji2:emoji2:1.0.0] AndroidManifest.xml:29:13-37
125            <meta-data
125-->[androidx.emoji2:emoji2:1.0.0] AndroidManifest.xml:31:13-33:52
126                android:name="androidx.emoji2.text.EmojiCompatInitializer"
126-->[androidx.emoji2:emoji2:1.0.0] AndroidManifest.xml:32:17-75
127                android:value="androidx.startup" />
127-->[androidx.emoji2:emoji2:1.0.0] AndroidManifest.xml:33:17-49
128            <meta-data
128-->[androidx.lifecycle:lifecycle-process:2.4.0] AndroidManifest.xml:31:13-33:52
129                android:name="androidx.lifecycle.ProcessLifecycleInitializer"
129-->[androidx.lifecycle:lifecycle-process:2.4.0] AndroidManifest.xml:32:17-78
130                android:value="androidx.startup" />
130-->[androidx.lifecycle:lifecycle-process:2.4.0] AndroidManifest.xml:33:17-49
131        </provider>
132
133        <service
133-->[androidx.room:room-runtime:2.4.3] AndroidManifest.xml:25:9-28:40
134            android:name="androidx.room.MultiInstanceInvalidationService"
134-->[androidx.room:room-runtime:2.4.3] AndroidManifest.xml:26:13-74
135            android:directBootAware="true"
135-->[androidx.room:room-runtime:2.4.3] AndroidManifest.xml:27:13-43
136            android:exported="false" />
136-->[androidx.room:room-runtime:2.4.3] AndroidManifest.xml:28:13-37
137    </application>
138
139</manifest>